Using pre-set license
Built from '2020.3/release' branch; Version is '2020.3.12f1 (b3b2c6512326) revision 11776710'; Using compiler version '192528614'; Build Type 'Release'
OS: 'Windows 10 Home; OS build 19044.1586; Version 2009; 64bit' Language: 'en' Physical Memory: 16227 MB
BatchMode: 1, IsHumanControllingUs: 0, StartBugReporterOnCrash: 0, Is64bit: 1, IsPro: 0

 COMMAND LINE ARGUMENTS:
C:\Program Files\Unity\Hub\Editor\2020.3.12f1\Editor\Unity.exe
-adb2
-batchMode
-noUpm
-name
AssetImportWorker0
-projectPath
C:/Users/fergi/Downloads/week1_optimization_exercise-master (1)/Lab3 2022
-logFile
Logs/AssetImportWorker0.log
-srvPort
56637
Successfully changed project path to: C:/Users/fergi/Downloads/week1_optimization_exercise-master (1)/Lab3 2022
C:/Users/fergi/Downloads/week1_optimization_exercise-master (1)/Lab3 2022
Using Asset Import Pipeline V2.
Refreshing native plugins compatible for Editor in 45.04 ms, found 2 plugins.
Preloading 0 native plugins for Editor in 0.00 ms.
Initialize engine version: 2020.3.12f1 (b3b2c6512326)
[Subsystems] Discovering subsystems at path C:/Program Files/Unity/Hub/Editor/2020.3.12f1/Editor/Data/Resources/UnitySubsystems
[Subsystems] Discovering subsystems at path C:/Users/fergi/Downloads/week1_optimization_exercise-master (1)/Lab3 2022/Assets
GfxDevice: creating device client; threaded=0
Direct3D:
    Version:  Direct3D 11.0 [level 11.1]
    Renderer: NVIDIA GeForce GTX 1650 (ID=0x1f91)
    Vendor:   
    VRAM:     3962 MB
    Driver:   30.0.14.9649
Initialize mono
Mono path[0] = 'C:/Program Files/Unity/Hub/Editor/2020.3.12f1/Editor/Data/Managed'
Mono path[1] = 'C:/Program Files/Unity/Hub/Editor/2020.3.12f1/Editor/Data/MonoBleedingEdge/lib/mono/unityjit'
Mono config path = 'C:/Program Files/Unity/Hub/Editor/2020.3.12f1/Editor/Data/MonoBleedingEdge/etc'
Using monoOptions --debugger-agent=transport=dt_socket,embedding=1,server=y,suspend=n,address=127.0.0.1:56816
Begin MonoManager ReloadAssembly
Registering precompiled unity dll's ...
Register platform support module: C:/Program Files/Unity/Hub/Editor/2020.3.12f1/Editor/Data/PlaybackEngines/WebGLSupport/UnityEditor.WebGL.Extensions.dll
Register platform support module: C:/Program Files/Unity/Hub/Editor/2020.3.12f1/Editor/Data/PlaybackEngines/WindowsStandaloneSupport/UnityEditor.WindowsStandalone.Extensions.dll
Registered in 0.003998 seconds.
Native extension for WindowsStandalone target not found
Native extension for WebGL target not found
Refreshing native plugins compatible for Editor in 40.93 ms, found 2 plugins.
Preloading 0 native plugins for Editor in 0.00 ms.
Mono: successfully reloaded assembly
- Completed reload, in  1.960 seconds
Platform modules already initialized, skipping
Registering precompiled user dll's ...
Registered in 0.140601 seconds.
Begin MonoManager ReloadAssembly
Native extension for WindowsStandalone target not found
Native extension for WebGL target not found
Refreshing native plugins compatible for Editor in 37.28 ms, found 2 plugins.
Preloading 0 native plugins for Editor in 0.00 ms.
Mono: successfully reloaded assembly
- Completed reload, in  1.348 seconds
Platform modules already initialized, skipping
========================================================================
Worker process is ready to serve import requests
Launched and connected shader compiler UnityShaderCompiler.exe after 0.06 seconds
Refreshing native plugins compatible for Editor in 0.42 ms, found 2 plugins.
Preloading 0 native plugins for Editor in 0.00 ms.
Unloading 1804 Unused Serialized files (Serialized files now loaded: 0)
System memory in use before: 82.2 MB.
System memory in use after: 82.2 MB.

Unloading 21 unused Assets to reduce memory usage. Loaded Objects now: 2246.
Total: 2.951500 ms (FindLiveObjects: 0.289700 ms CreateObjectMapping: 0.120400 ms MarkObjects: 2.441900 ms  DeleteObjects: 0.097900 ms)

AssetImportParameters requested are different than current active one (requested -> active):
  custom:framework-win-MediaFoundation: 216162199b28c13a410421893ffa2e32 -> 
  custom:video-decoder-ogg-theora: a1e56fd34408186e4bbccfd4996cb3dc -> 
  custom:container-muxer-webm: aa71ff27fc2769a1b78a27578f13a17b -> 
  custom:container-demuxer-webm: 4f35f7cbe854078d1ac9338744f61a02 -> 
  custom:container-demuxer-ogg: 62fdf1f143b41e24485cea50d1cbac27 -> 
  custom:video-encoder-webm-vp8: eb34c28f22e8b96e1ab97ce403110664 -> 
  custom:video-codec-MediaFoundation-h265: 746d11721c4dcdbdad8f713fa42b33f4 -> 
  custom:video-decoder-webm-vp8: 9c59270c3fd7afecdb556c50c9e8de78 -> 
  custom:audio-decoder-ogg-vorbis: bf7c407c2cedff20999df2af8eb42d56 -> 
  custom:audio-encoder-webm-vorbis: bf7c407c2cedff20999df2af8eb42d56 -> 
========================================================================
Received Import Request.
  path: Assets/Scenes/323-21S1_Wk3_ProtoSpace.unity
  artifactKey: Guid(5fddca63010ac7c409452ba9bcdd1ee8) Importer(815301076,1909f56bfc062723c751e8b465ee728b)
Start importing Assets/Scenes/323-21S1_Wk3_ProtoSpace.unity using Guid(5fddca63010ac7c409452ba9bcdd1ee8) Importer(815301076,1909f56bfc062723c751e8b465ee728b)  -> (artifact id: 'c5dccee9333630e6bd54ee0c676b0121') in 0.022866 seconds 
  Import took 0.028316 seconds .

========================================================================
Received Import Request.
  Time since last request: 0.000331 seconds.
  path: Assets/SpaceLabs/Scenes/Space.unity
  artifactKey: Guid(dcc6a6d44ba3332458b17255890eba60) Importer(815301076,1909f56bfc062723c751e8b465ee728b)
Start importing Assets/SpaceLabs/Scenes/Space.unity using Guid(dcc6a6d44ba3332458b17255890eba60) Importer(815301076,1909f56bfc062723c751e8b465ee728b)  -> (artifact id: '0eaeb63138efcefa88f8503a32204458') in 0.012204 seconds 
  Import took 0.017521 seconds .

========================================================================
Received Prepare
Registering precompiled user dll's ...
Registered in 0.005523 seconds.
Begin MonoManager ReloadAssembly
Native extension for WindowsStandalone target not found
Native extension for WebGL target not found
Refreshing native plugins compatible for Editor in 0.40 ms, found 2 plugins.
Preloading 0 native plugins for Editor in 0.00 ms.
Mono: successfully reloaded assembly
- Completed reload, in  1.309 seconds
Platform modules already initialized, skipping
Refreshing native plugins compatible for Editor in 0.68 ms, found 2 plugins.
Preloading 0 native plugins for Editor in 0.00 ms.
Unloading 1786 Unused Serialized files (Serialized files now loaded: 0)
System memory in use before: 81.0 MB.
System memory in use after: 81.1 MB.

Unloading 14 unused Assets to reduce memory usage. Loaded Objects now: 2249.
Total: 2.457200 ms (FindLiveObjects: 0.197600 ms CreateObjectMapping: 0.093900 ms MarkObjects: 2.095100 ms  DeleteObjects: 0.069400 ms)

AssetImportParameters requested are different than current active one (requested -> active):
  custom:framework-win-MediaFoundation: 216162199b28c13a410421893ffa2e32 -> 
  custom:video-decoder-ogg-theora: a1e56fd34408186e4bbccfd4996cb3dc -> 
  custom:container-muxer-webm: aa71ff27fc2769a1b78a27578f13a17b -> 
  custom:container-demuxer-webm: 4f35f7cbe854078d1ac9338744f61a02 -> 
  custom:container-demuxer-ogg: 62fdf1f143b41e24485cea50d1cbac27 -> 
  custom:video-encoder-webm-vp8: eb34c28f22e8b96e1ab97ce403110664 -> 
  custom:video-codec-MediaFoundation-h265: 746d11721c4dcdbdad8f713fa42b33f4 -> 
  custom:video-decoder-webm-vp8: 9c59270c3fd7afecdb556c50c9e8de78 -> 
  custom:audio-decoder-ogg-vorbis: bf7c407c2cedff20999df2af8eb42d56 -> 
  custom:audio-encoder-webm-vorbis: bf7c407c2cedff20999df2af8eb42d56 -> 
========================================================================
Received Import Request.
  Time since last request: 718.617965 seconds.
  path: Assets/Input/Sandpit.unity
  artifactKey: Guid(c6660206c0cc6124d8a5bf2537ac3a52) Importer(815301076,1909f56bfc062723c751e8b465ee728b)
Start importing Assets/Input/Sandpit.unity using Guid(c6660206c0cc6124d8a5bf2537ac3a52) Importer(815301076,1909f56bfc062723c751e8b465ee728b)  -> (artifact id: 'b5b2712ba67206e71d89642355d7c906') in 0.020985 seconds 
  Import took 0.024560 seconds .

========================================================================
Received Import Request.
  Time since last request: 17.899576 seconds.
  path: Assets/Scenes/323-21S1_Wk3_ProtoSpace.unity
  artifactKey: Guid(5fddca63010ac7c409452ba9bcdd1ee8) Importer(815301076,1909f56bfc062723c751e8b465ee728b)
Start importing Assets/Scenes/323-21S1_Wk3_ProtoSpace.unity using Guid(5fddca63010ac7c409452ba9bcdd1ee8) Importer(815301076,1909f56bfc062723c751e8b465ee728b)  -> (artifact id: '06eed93d117038b533555508770f7a9b') in 0.008884 seconds 
  Import took 0.014009 seconds .

========================================================================
Received Import Request.
  Time since last request: 0.000362 seconds.
  path: Assets/Scenes/323-21S1_Wk3_ProtoSpace.unity
  artifactKey: Guid(5fddca63010ac7c409452ba9bcdd1ee8) Importer(815301076,1909f56bfc062723c751e8b465ee728b)
Start importing Assets/Scenes/323-21S1_Wk3_ProtoSpace.unity using Guid(5fddca63010ac7c409452ba9bcdd1ee8) Importer(815301076,1909f56bfc062723c751e8b465ee728b)  -> (artifact id: '06eed93d117038b533555508770f7a9b') in 0.005804 seconds 
  Import took 0.008893 seconds .

========================================================================
Received Prepare
Registering precompiled user dll's ...
Registered in 0.004837 seconds.
Begin MonoManager ReloadAssembly
Native extension for WindowsStandalone target not found
Native extension for WebGL target not found
Refreshing native plugins compatible for Editor in 0.38 ms, found 2 plugins.
Preloading 0 native plugins for Editor in 0.00 ms.
Mono: successfully reloaded assembly
- Completed reload, in  1.106 seconds
Platform modules already initialized, skipping
Refreshing native plugins compatible for Editor in 0.38 ms, found 2 plugins.
Preloading 0 native plugins for Editor in 0.00 ms.
Unloading 1786 Unused Serialized files (Serialized files now loaded: 0)
System memory in use before: 81.0 MB.
System memory in use after: 81.1 MB.

Unloading 14 unused Assets to reduce memory usage. Loaded Objects now: 2252.
Total: 2.025300 ms (FindLiveObjects: 0.167600 ms CreateObjectMapping: 0.062100 ms MarkObjects: 1.743200 ms  DeleteObjects: 0.051700 ms)

AssetImportParameters requested are different than current active one (requested -> active):
  custom:framework-win-MediaFoundation: 216162199b28c13a410421893ffa2e32 -> 
  custom:video-decoder-ogg-theora: a1e56fd34408186e4bbccfd4996cb3dc -> 
  custom:container-muxer-webm: aa71ff27fc2769a1b78a27578f13a17b -> 
  custom:container-demuxer-webm: 4f35f7cbe854078d1ac9338744f61a02 -> 
  custom:container-demuxer-ogg: 62fdf1f143b41e24485cea50d1cbac27 -> 
  custom:video-encoder-webm-vp8: eb34c28f22e8b96e1ab97ce403110664 -> 
  custom:video-codec-MediaFoundation-h265: 746d11721c4dcdbdad8f713fa42b33f4 -> 
  custom:video-decoder-webm-vp8: 9c59270c3fd7afecdb556c50c9e8de78 -> 
  custom:audio-decoder-ogg-vorbis: bf7c407c2cedff20999df2af8eb42d56 -> 
  custom:audio-encoder-webm-vorbis: bf7c407c2cedff20999df2af8eb42d56 -> 
AssetImportWorkerClient::OnTransportError - code=2 error=End of file
